0 info it worked if it ends with ok
1 verbose cli [ 'C:\\Program Files\\nodejs\\\\node.exe',
1 verbose cli   'C:\\Program Files\\nodejs\\node_modules\\npm\\bin\\npm-cli.js',
1 verbose cli   'install' ]
2 info using npm@1.4.28
3 info using node@v0.10.33
4 verbose node symlink C:\Program Files\nodejs\\node.exe
5 verbose readDependencies using package.json deps
6 verbose install where, deps [ 'C:\\Users\\Jason\\Projects\\wayfinding',
6 verbose install   [ 'jquery',
6 verbose install     'grunt-build-lifecycle',
6 verbose install     'grunt-concurrent',
6 verbose install     'grunt-contrib-clean',
6 verbose install     'grunt-contrib-concat',
6 verbose install     'grunt-contrib-connect',
6 verbose install     'grunt-contrib-jshint',
6 verbose install     'grunt-contrib-uglify',
6 verbose install     'grunt-contrib-watch',
6 verbose install     'grunt-karma',
6 verbose install     'jshint-stylish',
6 verbose install     'karma-chrome-launcher',
6 verbose install     'karma-coverage',
6 verbose install     'karma-firefox-launcher',
6 verbose install     'karma-html-reporter',
6 verbose install     'karma-jasmine',
6 verbose install     'karma-phantomjs-launcher',
6 verbose install     'karma-safari-launcher',
6 verbose install     'karma-script-launcher',
6 verbose install     'load-grunt-tasks',
6 verbose install     'time-grunt' ] ]
7 info preinstall wayfinding@0.2.0
8 warn package.json karma-chrome-launcher@0.1.5 No README data
9 warn package.json karma-coverage@0.2.7 No README data
10 warn package.json karma-phantomjs-launcher@0.1.4 No README data
11 verbose readDependencies using package.json deps
12 verbose cache add [ 'jquery@latest', null ]
13 verbose cache add name=undefined spec="jquery@latest" args=["jquery@latest",null]
14 verbose parsed url { protocol: null,
14 verbose parsed url   slashes: null,
14 verbose parsed url   auth: null,
14 verbose parsed url   host: null,
14 verbose parsed url   port: null,
14 verbose parsed url   hostname: null,
14 verbose parsed url   hash: null,
14 verbose parsed url   search: null,
14 verbose parsed url   query: null,
14 verbose parsed url   pathname: 'jquery@latest',
14 verbose parsed url   path: 'jquery@latest',
14 verbose parsed url   href: 'jquery@latest' }
15 verbose already installed skipping grunt-build-lifecycle@^0.1.1 C:\Users\Jason\Projects\wayfinding
16 verbose already installed skipping grunt-concurrent@~1.0.0 C:\Users\Jason\Projects\wayfinding
17 verbose already installed skipping grunt-contrib-clean@~0.6.0 C:\Users\Jason\Projects\wayfinding
18 verbose already installed skipping grunt-contrib-concat@~0.5.0 C:\Users\Jason\Projects\wayfinding
19 verbose already installed skipping grunt-contrib-connect@~0.9.0 C:\Users\Jason\Projects\wayfinding
20 verbose already installed skipping grunt-contrib-jshint@~0.10.0 C:\Users\Jason\Projects\wayfinding
21 verbose already installed skipping grunt-contrib-uglify@~0.6.0 C:\Users\Jason\Projects\wayfinding
22 verbose already installed skipping grunt-contrib-watch@~0.6.1 C:\Users\Jason\Projects\wayfinding
23 verbose already installed skipping grunt-karma@~0.9.0 C:\Users\Jason\Projects\wayfinding
24 verbose already installed skipping jshint-stylish@~1.0.0 C:\Users\Jason\Projects\wayfinding
25 verbose already installed skipping karma-chrome-launcher@~0.1.5 C:\Users\Jason\Projects\wayfinding
26 verbose already installed skipping karma-coverage@~0.2.7 C:\Users\Jason\Projects\wayfinding
27 verbose already installed skipping karma-firefox-launcher@~0.1.3 C:\Users\Jason\Projects\wayfinding
28 verbose already installed skipping karma-html-reporter@~0.2.4 C:\Users\Jason\Projects\wayfinding
29 verbose already installed skipping karma-jasmine@~0.3.2 C:\Users\Jason\Projects\wayfinding
30 verbose already installed skipping karma-phantomjs-launcher@~0.1.4 C:\Users\Jason\Projects\wayfinding
31 verbose cache add name="jquery" spec="latest" args=["jquery","latest"]
32 verbose parsed url { protocol: null,
32 verbose parsed url   slashes: null,
32 verbose parsed url   auth: null,
32 verbose parsed url   host: null,
32 verbose parsed url   port: null,
32 verbose parsed url   hostname: null,
32 verbose parsed url   hash: null,
32 verbose parsed url   search: null,
32 verbose parsed url   query: null,
32 verbose parsed url   pathname: 'latest',
32 verbose parsed url   path: 'latest',
32 verbose parsed url   href: 'latest' }
33 verbose addNamed [ 'jquery', 'latest' ]
34 verbose addNamed [ null, null ]
35 silly lockFile 3399aaef-jquery-latest jquery@latest
36 verbose lock jquery@latest C:\Users\Jason\AppData\Roaming\npm-cache\3399aaef-jquery-latest.lock
37 info addNameTag [ 'jquery', 'latest' ]
38 verbose request where is /jquery
39 verbose request registry https://registry.npmjs.org/
40 verbose request id b67ec6cd398d1fa4
41 verbose url raw /jquery
42 verbose url resolving [ 'https://registry.npmjs.org/', './jquery' ]
43 verbose url resolved https://registry.npmjs.org/jquery
44 verbose request where is https://registry.npmjs.org/jquery
45 info trying registry request attempt 1 at 08:49:06
46 verbose etag "7IIFYIDDQ60YNPZ90OW2B7M6"
47 http GET https://registry.npmjs.org/jquery
48 verbose already installed skipping karma-safari-launcher@~0.1.1 C:\Users\Jason\Projects\wayfinding
49 verbose already installed skipping karma-script-launcher@~0.1.0 C:\Users\Jason\Projects\wayfinding
50 verbose already installed skipping load-grunt-tasks@~1.0.0 C:\Users\Jason\Projects\wayfinding
51 verbose already installed skipping time-grunt@~1.0.0 C:\Users\Jason\Projects\wayfinding
52 http 304 https://registry.npmjs.org/jquery
53 silly registry.get cb [ 304,
53 silly registry.get   { date: 'Tue, 02 Dec 2014 16:49:14 GMT',
53 silly registry.get     server: 'Apache',
53 silly registry.get     via: '1.1 varnish',
53 silly registry.get     'last-modified': 'Tue, 02 Dec 2014 16:49:14 GMT',
53 silly registry.get     'cache-control': 'max-age=60',
53 silly registry.get     etag: '"7IIFYIDDQ60YNPZ90OW2B7M6"',
53 silly registry.get     age: '19',
53 silly registry.get     'x-served-by': 'cache-lax1428-LAX',
53 silly registry.get     'x-cache': 'HIT',
53 silly registry.get     'x-cache-hits': '1',
53 silly registry.get     'x-timer': 'S1417538954.975324,VS0,VE0',
53 silly registry.get     vary: 'Accept',
53 silly registry.get     'content-length': '0',
53 silly registry.get     'keep-alive': 'timeout=10, max=50',
53 silly registry.get     connection: 'Keep-Alive' } ]
54 verbose etag https://registry.npmjs.org/jquery from cache
55 verbose addNamed [ 'jquery', '2.1.1' ]
56 verbose addNamed [ '2.1.1', '2.1.1' ]
57 silly lockFile d79e7587-jquery-2-1-1 jquery@2.1.1
58 verbose lock jquery@2.1.1 C:\Users\Jason\AppData\Roaming\npm-cache\d79e7587-jquery-2-1-1.lock
59 silly lockFile d79e7587-jquery-2-1-1 jquery@2.1.1
60 silly lockFile d79e7587-jquery-2-1-1 jquery@2.1.1
61 silly lockFile 3399aaef-jquery-latest jquery@latest
62 silly lockFile 3399aaef-jquery-latest jquery@latest
63 info already installed jquery@2.1.1
64 silly resolved []
65 info build C:\Users\Jason\Projects\wayfinding
66 verbose linkStuff [ false, false, false, 'C:\\Users\\Jason\\Projects' ]
67 info linkStuff wayfinding@0.2.0
68 verbose linkBins wayfinding@0.2.0
69 verbose linkMans wayfinding@0.2.0
70 verbose rebuildBundles wayfinding@0.2.0
71 verbose rebuildBundles [ '.bin',
71 verbose rebuildBundles   'grunt',
71 verbose rebuildBundles   'grunt-build-lifecycle',
71 verbose rebuildBundles   'grunt-concurrent',
71 verbose rebuildBundles   'grunt-contrib-clean',
71 verbose rebuildBundles   'grunt-contrib-concat',
71 verbose rebuildBundles   'grunt-contrib-connect',
71 verbose rebuildBundles   'grunt-contrib-jshint',
71 verbose rebuildBundles   'grunt-contrib-uglify',
71 verbose rebuildBundles   'grunt-contrib-watch',
71 verbose rebuildBundles   'grunt-karma',
71 verbose rebuildBundles   'jasmine-core',
71 verbose rebuildBundles   'jquery',
71 verbose rebuildBundles   'jshint-stylish',
71 verbose rebuildBundles   'karma',
71 verbose rebuildBundles   'karma-chrome-launcher',
71 verbose rebuildBundles   'karma-coffee-preprocessor',
71 verbose rebuildBundles   'karma-coverage',
71 verbose rebuildBundles   'karma-firefox-launcher',
71 verbose rebuildBundles   'karma-html-reporter',
71 verbose rebuildBundles   'karma-html2js-preprocessor',
71 verbose rebuildBundles   'karma-jasmine',
71 verbose rebuildBundles   'karma-phantomjs-launcher',
71 verbose rebuildBundles   'karma-requirejs',
71 verbose rebuildBundles   'karma-safari-launcher',
71 verbose rebuildBundles   'karma-script-launcher',
71 verbose rebuildBundles   'load-grunt-tasks',
71 verbose rebuildBundles   'requirejs',
71 verbose rebuildBundles   'time-grunt' ]
72 verbose rebuild bundle C:\Users\Jason\Projects\wayfinding\node_modules\grunt
73 info build C:\Users\Jason\Projects\wayfinding\node_modules\grunt
74 info preinstall grunt@0.4.2
75 verbose linkStuff [ false,
75 verbose linkStuff   false,
75 verbose linkStuff   false,
75 verbose linkStuff   'C:\\Users\\Jason\\Projects\\wayfinding\\node_modules' ]
76 info linkStuff grunt@0.4.2
77 verbose linkBins grunt@0.4.2
78 verbose linkMans grunt@0.4.2
79 verbose rebuildBundles grunt@0.4.2
80 verbose rebuildBundles [ '.bin',
80 verbose rebuildBundles   'async',
80 verbose rebuildBundles   'coffee-script',
80 verbose rebuildBundles   'colors',
80 verbose rebuildBundles   'dateformat',
80 verbose rebuildBundles   'eventemitter2',
80 verbose rebuildBundles   'exit',
80 verbose rebuildBundles   'findup-sync',
80 verbose rebuildBundles   'getobject',
80 verbose rebuildBundles   'glob',
80 verbose rebuildBundles   'hooker',
80 verbose rebuildBundles   'iconv-lite',
80 verbose rebuildBundles   'js-yaml',
80 verbose rebuildBundles   'lodash',
80 verbose rebuildBundles   'minimatch',
80 verbose rebuildBundles   'nopt',
80 verbose rebuildBundles   'rimraf',
80 verbose rebuildBundles   'underscore.string',
80 verbose rebuildBundles   'which' ]
81 info install grunt@0.4.2
82 info postinstall grunt@0.4.2
83 verbose rebuild bundle C:\Users\Jason\Projects\wayfinding\node_modules\jasmine-core
84 info build C:\Users\Jason\Projects\wayfinding\node_modules\jasmine-core
85 info preinstall jasmine-core@2.1.3
86 verbose linkStuff [ false,
86 verbose linkStuff   false,
86 verbose linkStuff   false,
86 verbose linkStuff   'C:\\Users\\Jason\\Projects\\wayfinding\\node_modules' ]
87 info linkStuff jasmine-core@2.1.3
88 verbose linkBins jasmine-core@2.1.3
89 verbose linkMans jasmine-core@2.1.3
90 verbose rebuildBundles jasmine-core@2.1.3
91 info install jasmine-core@2.1.3
92 info postinstall jasmine-core@2.1.3
93 verbose rebuild bundle C:\Users\Jason\Projects\wayfinding\node_modules\karma
94 info build C:\Users\Jason\Projects\wayfinding\node_modules\karma
95 info preinstall karma@0.10.9
96 verbose linkStuff [ false,
96 verbose linkStuff   false,
96 verbose linkStuff   false,
96 verbose linkStuff   'C:\\Users\\Jason\\Projects\\wayfinding\\node_modules' ]
97 info linkStuff karma@0.10.9
98 verbose linkBins karma@0.10.9
99 verbose link bins [ { karma: './bin/karma' },
99 verbose link bins   'C:\\Users\\Jason\\Projects\\wayfinding\\node_modules\\.bin',
99 verbose link bins   false ]
100 verbose linkMans karma@0.10.9
101 verbose rebuildBundles karma@0.10.9
102 verbose rebuildBundles [ '.bin',
102 verbose rebuildBundles   'chokidar',
102 verbose rebuildBundles   'coffee-script',
102 verbose rebuildBundles   'colors',
102 verbose rebuildBundles   'connect',
102 verbose rebuildBundles   'di',
102 verbose rebuildBundles   'glob',
102 verbose rebuildBundles   'graceful-fs',
102 verbose rebuildBundles   'http-proxy',
102 verbose rebuildBundles   'lodash',
102 verbose rebuildBundles   'log4js',
102 verbose rebuildBundles   'mime',
102 verbose rebuildBundles   'minimatch',
102 verbose rebuildBundles   'optimist',
102 verbose rebuildBundles   'q',
102 verbose rebuildBundles   'rimraf',
102 verbose rebuildBundles   'socket.io',
102 verbose rebuildBundles   'useragent' ]
103 info install karma@0.10.9
104 info postinstall karma@0.10.9
105 verbose rebuild bundle C:\Users\Jason\Projects\wayfinding\node_modules\karma-coffee-preprocessor
106 info build C:\Users\Jason\Projects\wayfinding\node_modules\karma-coffee-preprocessor
107 info preinstall karma-coffee-preprocessor@0.1.2
108 verbose linkStuff [ false,
108 verbose linkStuff   false,
108 verbose linkStuff   false,
108 verbose linkStuff   'C:\\Users\\Jason\\Projects\\wayfinding\\node_modules' ]
109 info linkStuff karma-coffee-preprocessor@0.1.2
110 verbose linkBins karma-coffee-preprocessor@0.1.2
111 verbose linkMans karma-coffee-preprocessor@0.1.2
112 verbose rebuildBundles karma-coffee-preprocessor@0.1.2
113 verbose rebuildBundles [ '.bin', 'coffee-script' ]
114 info install karma-coffee-preprocessor@0.1.2
115 info postinstall karma-coffee-preprocessor@0.1.2
116 verbose rebuild bundle C:\Users\Jason\Projects\wayfinding\node_modules\karma-html2js-preprocessor
117 info build C:\Users\Jason\Projects\wayfinding\node_modules\karma-html2js-preprocessor
118 info preinstall karma-html2js-preprocessor@0.1.0
119 verbose linkStuff [ false,
119 verbose linkStuff   false,
119 verbose linkStuff   false,
119 verbose linkStuff   'C:\\Users\\Jason\\Projects\\wayfinding\\node_modules' ]
120 info linkStuff karma-html2js-preprocessor@0.1.0
121 verbose linkBins karma-html2js-preprocessor@0.1.0
122 verbose linkMans karma-html2js-preprocessor@0.1.0
123 verbose rebuildBundles karma-html2js-preprocessor@0.1.0
124 info install karma-html2js-preprocessor@0.1.0
125 info postinstall karma-html2js-preprocessor@0.1.0
126 verbose rebuild bundle C:\Users\Jason\Projects\wayfinding\node_modules\karma-requirejs
127 info build C:\Users\Jason\Projects\wayfinding\node_modules\karma-requirejs
128 info preinstall karma-requirejs@0.2.1
129 verbose linkStuff [ false,
129 verbose linkStuff   false,
129 verbose linkStuff   false,
129 verbose linkStuff   'C:\\Users\\Jason\\Projects\\wayfinding\\node_modules' ]
130 info linkStuff karma-requirejs@0.2.1
131 verbose linkBins karma-requirejs@0.2.1
132 verbose linkMans karma-requirejs@0.2.1
133 verbose rebuildBundles karma-requirejs@0.2.1
134 info install karma-requirejs@0.2.1
135 info postinstall karma-requirejs@0.2.1
136 verbose rebuild bundle C:\Users\Jason\Projects\wayfinding\node_modules\requirejs
137 info build C:\Users\Jason\Projects\wayfinding\node_modules\requirejs
138 info preinstall requirejs@2.1.10
139 verbose linkStuff [ false,
139 verbose linkStuff   false,
139 verbose linkStuff   false,
139 verbose linkStuff   'C:\\Users\\Jason\\Projects\\wayfinding\\node_modules' ]
140 info linkStuff requirejs@2.1.10
141 verbose linkBins requirejs@2.1.10
142 verbose link bins [ { 'r.js': './bin/r.js' },
142 verbose link bins   'C:\\Users\\Jason\\Projects\\wayfinding\\node_modules\\.bin',
142 verbose link bins   false ]
143 verbose linkMans requirejs@2.1.10
144 verbose rebuildBundles requirejs@2.1.10
145 info install requirejs@2.1.10
146 info postinstall requirejs@2.1.10
147 info install wayfinding@0.2.0
148 info postinstall wayfinding@0.2.0
149 info prepublish wayfinding@0.2.0
150 error peerinvalid The package karma does not satisfy its siblings' peerDependencies requirements!
150 error peerinvalid Peer grunt-karma@0.9.0 wants karma@~0.12.0
150 error peerinvalid Peer karma-chrome-launcher@0.1.5 wants karma@>=0.9.3
150 error peerinvalid Peer karma-coverage@0.2.7 wants karma@>=0.9
150 error peerinvalid Peer karma-firefox-launcher@0.1.3 wants karma@>=0.9
150 error peerinvalid Peer karma-html-reporter@0.2.4 wants karma@>=0.11
150 error peerinvalid Peer karma-jasmine@0.3.2 wants karma@>=0.9
150 error peerinvalid Peer karma-phantomjs-launcher@0.1.4 wants karma@>=0.9
150 error peerinvalid Peer karma-safari-launcher@0.1.1 wants karma@>=0.9
150 error peerinvalid Peer karma-script-launcher@0.1.0 wants karma@>=0.9
150 error peerinvalid Peer karma-html2js-preprocessor@0.1.0 wants karma@>=0.9
150 error peerinvalid Peer karma-requirejs@0.2.1 wants karma@>=0.9
150 error peerinvalid Peer karma-coffee-preprocessor@0.1.2 wants karma@>=0.9
151 error System Windows_NT 6.1.7601
152 error command "C:\\Program Files\\nodejs\\\\node.exe" "C:\\Program Files\\nodejs\\node_modules\\npm\\bin\\npm-cli.js" "install"
153 error cwd C:\Users\Jason\Projects\wayfinding
154 error node -v v0.10.33
155 error npm -v 1.4.28
156 error code EPEERINVALID
157 verbose exit [ 1, true ]
